<?xml version="1.0" encoding="UTF-8"?>
<testng-results ignored="0" total="2" passed="2" failed="0" skipped="0">
  <reporter-output>
  </reporter-output>
  <suite started-at="2024-10-21T06:27:01Z" name="Tests" finished-at="2024-10-21T06:27:13Z" duration-ms="12196">
    <groups>
    </groups>
    <test started-at="2024-10-21T06:27:01Z" name="Test" finished-at="2024-10-21T06:27:13Z" duration-ms="12196">
      <class name="programs.Test1">
        <test-method is-config="true" signature="launchBrowser()[pri:0, instance:programs.Test1@45018215]" started-at="2024-10-21T06:27:01Z" name="launchBrowser" finished-at="2024-10-21T06:27:11Z" duration-ms="9908" status="PASS">
          <reporter-output>
          </reporter-output>
        </test-method> <!-- launchBrowser -->
        <test-method is-config="true" signature="verifyHomepageTitle()[pri:0, instance:programs.Test1@45018215]" started-at="2024-10-21T06:27:11Z" name="verifyHomepageTitle" finished-at="2024-10-21T06:27:11Z" duration-ms="33" status="PASS">
          <reporter-output>
          </reporter-output>
        </test-method> <!-- verifyHomepageTitle -->
        <test-method signature="register()[pri:0, instance:programs.Test1@45018215]" started-at="2024-10-21T06:27:11Z" name="register" finished-at="2024-10-21T06:27:12Z" duration-ms="897" status="PASS">
          <reporter-output>
          </reporter-output>
        </test-method> <!-- register -->
        <test-method is-config="true" signature="goBackToHomepage()[pri:0, instance:programs.Test1@45018215]" started-at="2024-10-21T06:27:12Z" name="goBackToHomepage" finished-at="2024-10-21T06:27:12Z" duration-ms="0" status="PASS">
          <reporter-output>
          </reporter-output>
        </test-method> <!-- goBackToHomepage -->
        <test-method is-config="true" signature="verifyHomepageTitle()[pri:0, instance:programs.Test1@45018215]" started-at="2024-10-21T06:27:12Z" name="verifyHomepageTitle" finished-at="2024-10-21T06:27:12Z" duration-ms="34" status="PASS">
          <reporter-output>
          </reporter-output>
        </test-method> <!-- verifyHomepageTitle -->
        <test-method signature="support()[pri:1, instance:programs.Test1@45018215]" started-at="2024-10-21T06:27:12Z" name="support" finished-at="2024-10-21T06:27:12Z" duration-ms="638" status="PASS">
          <reporter-output>
          </reporter-output>
        </test-method> <!-- support -->
        <test-method is-config="true" signature="goBackToHomepage()[pri:0, instance:programs.Test1@45018215]" started-at="2024-10-21T06:27:12Z" name="goBackToHomepage" finished-at="2024-10-21T06:27:12Z" duration-ms="1" status="PASS">
          <reporter-output>
          </reporter-output>
        </test-method> <!-- goBackToHomepage -->
        <test-method is-config="true" signature="terminateBrowser()[pri:0, instance:programs.Test1@45018215]" started-at="2024-10-21T06:27:12Z" name="terminateBrowser" finished-at="2024-10-21T06:27:13Z" duration-ms="668" status="PASS">
          <reporter-output>
          </reporter-output>
        </test-method> <!-- terminateBrowser -->
      </class> <!-- programs.Test1 -->
    </test> <!-- Test -->
  </suite> <!-- Tests -->
</testng-results>
