<?xml version="1.0" encoding="UTF-8"?>
<testng-results ignored="0" total="2" passed="2" failed="0" skipped="0">
  <reporter-output>
  </reporter-output>
  <suite started-at="2024-11-28T06:43:12Z" name="Tests" finished-at="2024-11-28T06:43:28Z" duration-ms="16042">
    <groups>
    </groups>
    <test started-at="2024-11-28T06:43:12Z" name="Test" finished-at="2024-11-28T06:43:28Z" duration-ms="16042">
      <class name="programs.Test1">
        <test-method is-config="true" signature="launchBrowser()[pri:0, instance:programs.Test1@491666ad]" started-at="2024-11-28T06:43:12Z" name="launchBrowser" finished-at="2024-11-28T06:43:22Z" duration-ms="10087" status="PASS">
          <reporter-output>
          </reporter-output>
        </test-method> <!-- launchBrowser -->
        <test-method is-config="true" signature="verifyHomepageTitle()[pri:0, instance:programs.Test1@491666ad]" started-at="2024-11-28T06:43:22Z" name="verifyHomepageTitle" finished-at="2024-11-28T06:43:22Z" duration-ms="60" status="PASS">
          <reporter-output>
          </reporter-output>
        </test-method> <!-- verifyHomepageTitle -->
        <test-method signature="register()[pri:0, instance:programs.Test1@491666ad]" started-at="2024-11-28T06:43:22Z" name="register" finished-at="2024-11-28T06:43:23Z" duration-ms="1575" status="PASS">
          <reporter-output>
          </reporter-output>
        </test-method> <!-- register -->
        <test-method is-config="true" signature="goBackToHomepage()[pri:0, instance:programs.Test1@491666ad]" started-at="2024-11-28T06:43:23Z" name="goBackToHomepage" finished-at="2024-11-28T06:43:23Z" duration-ms="1" status="PASS">
          <reporter-output>
          </reporter-output>
        </test-method> <!-- goBackToHomepage -->
        <test-method is-config="true" signature="verifyHomepageTitle()[pri:0, instance:programs.Test1@491666ad]" started-at="2024-11-28T06:43:23Z" name="verifyHomepageTitle" finished-at="2024-11-28T06:43:23Z" duration-ms="39" status="PASS">
          <reporter-output>
          </reporter-output>
        </test-method> <!-- verifyHomepageTitle -->
        <test-method signature="support()[pri:1, instance:programs.Test1@491666ad]" started-at="2024-11-28T06:43:23Z" name="support" finished-at="2024-11-28T06:43:25Z" duration-ms="1615" status="PASS">
          <reporter-output>
          </reporter-output>
        </test-method> <!-- support -->
        <test-method is-config="true" signature="goBackToHomepage()[pri:0, instance:programs.Test1@491666ad]" started-at="2024-11-28T06:43:25Z" name="goBackToHomepage" finished-at="2024-11-28T06:43:25Z" duration-ms="0" status="PASS">
          <reporter-output>
          </reporter-output>
        </test-method> <!-- goBackToHomepage -->
        <test-method is-config="true" signature="terminateBrowser()[pri:0, instance:programs.Test1@491666ad]" started-at="2024-11-28T06:43:25Z" name="terminateBrowser" finished-at="2024-11-28T06:43:28Z" duration-ms="2633" status="PASS">
          <reporter-output>
          </reporter-output>
        </test-method> <!-- terminateBrowser -->
      </class> <!-- programs.Test1 -->
    </test> <!-- Test -->
  </suite> <!-- Tests -->
</testng-results>
